Performing C SOURCE FILE Test CMAKE_HAVE_LIBC_PTHREAD failed with the following output:
Change Dir: /home/raja/catkin_ws/src/group6_rwa2/cmake-build-debug/CMakeFiles/CMakeTmp

Run Build Command(s):/usr/bin/make cmTC_308d1/fast && /usr/bin/make -f CMakeFiles/cmTC_308d1.dir/build.make CMakeFiles/cmTC_308d1.dir/build
make[1]: Entering directory '/home/raja/catkin_ws/src/group6_rwa2/cmake-build-debug/CMakeFiles/CMakeTmp'
Building C object CMakeFiles/cmTC_308d1.dir/src.c.o
/usr/bin/cc   -DCMAKE_HAVE_LIBC_PTHREAD   -o CMakeFiles/cmTC_308d1.dir/src.c.o   -c /home/raja/catkin_ws/src/group6_rwa2/cmake-build-debug/CMakeFiles/CMakeTmp/src.c
Linking C executable cmTC_308d1
/home/raja/Downloads/clion-2019.3.4/bin/cmake/linux/bin/cmake -E cmake_link_script CMakeFiles/cmTC_308d1.dir/link.txt --verbose=1
/usr/bin/cc  -DCMAKE_HAVE_LIBC_PTHREAD    -rdynamic CMakeFiles/cmTC_308d1.dir/src.c.o  -o cmTC_308d1 
CMakeFiles/cmTC_308d1.dir/src.c.o: In function `main':
src.c:(.text+0x3e): undefined reference to `pthread_create'
src.c:(.text+0x4a): undefined reference to `pthread_detach'
src.c:(.text+0x5b): undefined reference to `pthread_join'
src.c:(.text+0x6f): undefined reference to `pthread_atfork'
collect2: error: ld returned 1 exit status
CMakeFiles/cmTC_308d1.dir/build.make:86: recipe for target 'cmTC_308d1' failed
make[1]: *** [cmTC_308d1] Error 1
make[1]: Leaving directory '/home/raja/catkin_ws/src/group6_rwa2/cmake-build-debug/CMakeFiles/CMakeTmp'
Makefile:121: recipe for target 'cmTC_308d1/fast' failed
make: *** [cmTC_308d1/fast] Error 2


Source file was:
#include <pthread.h>

void* test_func(void* data)
{
  return data;
}

int main(void)
{
  pthread_t thread;
  pthread_create(&thread, NULL, test_func, NULL);
  pthread_detach(thread);
  pthread_join(thread, NULL);
  pthread_atfork(NULL, NULL, NULL);
  pthread_exit(NULL);

  return 0;
}

Determining if the function pthread_create exists in the pthreads failed with the following output:
Change Dir: /home/raja/catkin_ws/src/group6_rwa2/cmake-build-debug/CMakeFiles/CMakeTmp

Run Build Command(s):/usr/bin/make cmTC_4af83/fast && /usr/bin/make -f CMakeFiles/cmTC_4af83.dir/build.make CMakeFiles/cmTC_4af83.dir/build
make[1]: Entering directory '/home/raja/catkin_ws/src/group6_rwa2/cmake-build-debug/CMakeFiles/CMakeTmp'
Building C object CMakeFiles/cmTC_4af83.dir/CheckFunctionExists.c.o
/usr/bin/cc   -DCHECK_FUNCTION_EXISTS=pthread_create   -o CMakeFiles/cmTC_4af83.dir/CheckFunctionExists.c.o   -c /home/raja/Downloads/clion-2019.3.4/bin/cmake/linux/share/cmake-3.15/Modules/CheckFunctionExists.c
Linking C executable cmTC_4af83
/home/raja/Downloads/clion-2019.3.4/bin/cmake/linux/bin/cmake -E cmake_link_script CMakeFiles/cmTC_4af83.dir/link.txt --verbose=1
/usr/bin/cc  -DCHECK_FUNCTION_EXISTS=pthread_create    -rdynamic CMakeFiles/cmTC_4af83.dir/CheckFunctionExists.c.o  -o cmTC_4af83 -lpthreads 
/usr/bin/ld: cannot find -lpthreads
collect2: error: ld returned 1 exit status
CMakeFiles/cmTC_4af83.dir/build.make:86: recipe for target 'cmTC_4af83' failed
make[1]: *** [cmTC_4af83] Error 1
make[1]: Leaving directory '/home/raja/catkin_ws/src/group6_rwa2/cmake-build-debug/CMakeFiles/CMakeTmp'
Makefile:121: recipe for target 'cmTC_4af83/fast' failed
make: *** [cmTC_4af83/fast] Error 2



